Сборка начата 06.02.2017 2:42:01.
     1>Проект "C:\Users\Nname\Documents\Visual Studio 2013\Projects\FirstGame\src\BugGame\BugGame\BugGame.vcxproj" в узле 2 (целевые объекты Build).
     1>ClCompile:
         C:\Program Files (x86)\Новая папка\VC\bin\CL.exe /c /I"../../SFML-2.4.1/include" /ZI /nologo /W3 /WX- /sdl /Od /Oy- /D WIN32 /D _DEBUG /D _CONSOLE /D _LIB /D SFML_STATIC /D _UNICODE /D UNICODE /Gm /EHsc /RTC1 /MDd /GS /fp:precise /Zc:wchar_t /Zc:forScope /Fo"Debug\\" /Fd"Debug\vc120.pdb" /Gd /TP /analyze- /errorReport:prompt GO_Cockroach.cpp
         GO_Cockroach.cpp
     1>c:\users\nname\documents\visual studio 2013\projects\firstgame\src\buggame\buggame\improvements.h(43): warning C4005: Log: изменение макроопределения
                 c:\users\nname\documents\visual studio 2013\projects\firstgame\src\buggame\buggame\improvements.h(42): см. предыдущее определение "Log"
     1>c:\users\nname\documents\visual studio 2013\projects\firstgame\src\buggame\buggame\gameobject.h(91): warning C4244: =: преобразование "S32" в "F32", возможна потеря данных
     1>c:\users\nname\documents\visual studio 2013\projects\firstgame\src\buggame\buggame\gameobject.h(97): warning C4244: =: преобразование "S32" в "F32", возможна потеря данных
     1>c:\users\nname\documents\visual studio 2013\projects\firstgame\src\buggame\buggame\levels.h(21): warning C4305: инициализация: усечение из "double" к "const float"
     1>c:\users\nname\documents\visual studio 2013\projects\firstgame\src\buggame\buggame\levels.h(25): warning C4244: аргумент: преобразование "const float" в "int", возможна потеря данных
       Link:
         C:\Program Files (x86)\Новая папка\VC\bin\link.exe /ERRORREPORT:PROMPT /OUT:"C:\Users\Nname\Documents\Visual Studio 2013\Projects\FirstGame\src\BugGame\Debug\BugGame.exe" /INCREMENTAL /NOLOGO /LIBPATH:"../../SFML-2.4.1/lib" jpeg.lib opengl32.lib winmm.lib "sfml-main-d.lib" "sfml-system-s-d.lib" "sfml-window-s-d.lib" "sfml-graphics-s-d.lib" freetype.lib kernel32.lib user32.lib gdi32.lib winspool.lib comdlg32.lib advapi32.lib shell32.lib ole32.lib oleaut32.lib uuid.lib odbc32.lib odbccp32.lib /MANIFEST /MANIFESTUAC:"level='asInvoker' uiAccess='false'" /manifest:embed /DEBUG /PDB:"C:\Users\Nname\Documents\Visual Studio 2013\Projects\FirstGame\src\BugGame\Debug\BugGame.pdb" /SUBSYSTEM:CONSOLE /TLBID:1 /DYNAMICBASE /NXCOMPAT /IMPLIB:"C:\Users\Nname\Documents\Visual Studio 2013\Projects\FirstGame\src\BugGame\Debug\BugGame.lib" /MACHINE:X86 Debug\Button.obj
         Debug\Game.obj
         Debug\GameHUD.obj
         Debug\GameObject.obj
         Debug\GO_Cockroach.obj
         Debug\Improvements.obj
         Debug\Label.obj
         Debug\main.obj
         Debug\TextArea.obj
         BugGame.vcxproj -> C:\Users\Nname\Documents\Visual Studio 2013\Projects\FirstGame\src\BugGame\Debug\BugGame.exe
     1>Сборка проекта "C:\Users\Nname\Documents\Visual Studio 2013\Projects\FirstGame\src\BugGame\BugGame\BugGame.vcxproj" завершена (целевые объекты Build).

Сборка успешно завершена.

Затраченное время: 00:00:03.78
